# JRE version: Java(TM) SE Runtime Environment (8.0_60-b27) (build 1.8.0_60-b27)
# Java VM: Java HotSpot(TM) 64-Bit Server VM (25.60-b23 mixed mode windows-amd64 compressed oops)
Heap:
 PSYoungGen      total 31744K, used 31328K [0x000000076b200000, 0x0000000771000000, 0x00000007c0000000)
  eden space 31232K, 100% used [0x000000076b200000,0x000000076d080000,0x000000076d080000)
  from space 512K, 18% used [0x0000000770f80000,0x0000000770f98000,0x0000000771000000)
  to   space 512K, 0% used [0x0000000770f00000,0x0000000770f00000,0x0000000770f80000)
 ParOldGen       total 175104K, used 1931K [0x00000006c1600000, 0x00000006cc100000, 0x000000076b200000)
  object space 175104K, 1% used [0x00000006c1600000,0x00000006c17e2c68,0x00000006cc100000)
 Metaspace       used 7267K, capacity 7428K, committed 7552K, reserved 1056768K
  class space    used 780K, capacity 856K, committed 896K, reserved 1048576K
GC Heap History (10 events):
Event: 1089.169 GC heap before
{Heap before GC invocations=15120 (full 0):
 PSYoungGen      total 31744K, used 31296K [0x000000076b200000, 0x0000000771000000, 0x00000007c0000000)
  eden space 31232K, 100% used [0x000000076b200000,0x000000076d080000,0x000000076d080000)
  from space 512K, 12% used [0x0000000770f00000,0x0000000770f10000,0x0000000770f80000)
  to   space 512K, 0% used [0x0000000770f80000,0x0000000770f80000,0x0000000771000000)
 ParOldGen       total 175104K, used 1931K [0x00000006c1600000, 0x00000006cc100000, 0x000000076b200000)
  object space 175104K, 1% used [0x00000006c1600000,0x00000006c17e2c68,0x00000006cc100000)
 Metaspace       used 7236K, capacity 7428K, committed 7552K, reserved 1056768K
  class space    used 779K, capacity 856K, committed 896K, reserved 1048576K
Event: 1089.169 GC heap after
Heap after GC invocations=15120 (full 0):
 PSYoungGen      total 31744K, used 64K [0x000000076b200000, 0x0000000771000000, 0x00000007c0000000)
  eden space 31232K, 0% used [0x000000076b200000,0x000000076b200000,0x000000076d080000)
  from space 512K, 12% used [0x0000000770f80000,0x0000000770f90000,0x0000000771000000)
  to   space 512K, 0% used [0x0000000770f00000,0x0000000770f00000,0x0000000770f80000)
 ParOldGen       total 175104K, used 1931K [0x00000006c1600000, 0x00000006cc100000, 0x000000076b200000)
  object space 175104K, 1% used [0x00000006c1600000,0x00000006c17e2c68,0x00000006cc100000)
 Metaspace       used 7236K, capacity 7428K, committed 7552K, reserved 1056768K
  class space    used 779K, capacity 856K, committed 896K, reserved 1048576K
}
Event: 1089.235 GC heap before
{Heap before GC invocations=15121 (full 0):
 PSYoungGen      total 31744K, used 31296K [0x000000076b200000, 0x0000000771000000, 0x00000007c0000000)
  eden space 31232K, 100% used [0x000000076b200000,0x000000076d080000,0x000000076d080000)
  from space 512K, 12% used [0x0000000770f80000,0x0000000770f90000,0x0000000771000000)
  to   space 512K, 0% used [0x0000000770f00000,0x0000000770f00000,0x0000000770f80000)
 ParOldGen       total 175104K, used 1931K [0x00000006c1600000, 0x00000006cc100000, 0x000000076b200000)
  object space 175104K, 1% used [0x00000006c1600000,0x00000006c17e2c68,0x00000006cc100000)
 Metaspace       used 7236K, capacity 7428K, committed 7552K, reserved 1056768K
  class space    used 779K, capacity 856K, committed 896K, reserved 1048576K
Event: 1089.236 GC heap after
Heap after GC invocations=15121 (full 0):
 PSYoungGen      total 31744K, used 32K [0x000000076b200000, 0x0000000771000000, 0x00000007c0000000)
  eden space 31232K, 0% used [0x000000076b200000,0x000000076b200000,0x000000076d080000)
  from space 512K, 6% used [0x0000000770f00000,0x0000000770f08000,0x0000000770f80000)
  to   space 512K, 0% used [0x0000000770f80000,0x0000000770f80000,0x0000000771000000)
 ParOldGen       total 175104K, used 1931K [0x00000006c1600000, 0x00000006cc100000, 0x000000076b200000)
  object space 175104K, 1% used [0x00000006c1600000,0x00000006c17e2c68,0x00000006cc100000)
 Metaspace       used 7236K, capacity 7428K, committed 7552K, reserved 1056768K
  class space    used 779K, capacity 856K, committed 896K, reserved 1048576K
}
Event: 1089.314 GC heap before
{Heap before GC invocations=15122 (full 0):
 PSYoungGen      total 31744K, used 31264K [0x000000076b200000, 0x0000000771000000, 0x00000007c0000000)
  eden space 31232K, 100% used [0x000000076b200000,0x000000076d080000,0x000000076d080000)
  from space 512K, 6% used [0x0000000770f00000,0x0000000770f08000,0x0000000770f80000)
  to   space 512K, 0% used [0x0000000770f80000,0x0000000770f80000,0x0000000771000000)
 ParOldGen       total 175104K, used 1931K [0x00000006c1600000, 0x00000006cc100000, 0x000000076b200000)
  object space 175104K, 1% used [0x00000006c1600000,0x00000006c17e2c68,0x00000006cc100000)
 Metaspace       used 7236K, capacity 7428K, committed 7552K, reserved 1056768K
  class space    used 779K, capacity 856K, committed 896K, reserved 1048576K
Event: 1089.315 GC heap after
Heap after GC invocations=15122 (full 0):
 PSYoungGen      total 31744K, used 64K [0x000000076b200000, 0x0000000771000000, 0x00000007c0000000)
  eden space 31232K, 0% used [0x000000076b200000,0x000000076b200000,0x000000076d080000)
  from space 512K, 12% used [0x0000000770f80000,0x0000000770f90000,0x0000000771000000)
  to   space 512K, 0% used [0x0000000770f00000,0x0000000770f00000,0x0000000770f80000)
 ParOldGen       total 175104K, used 1931K [0x00000006c1600000, 0x00000006cc100000, 0x000000076b200000)
  object space 175104K, 1% used [0x00000006c1600000,0x00000006c17e2c68,0x00000006cc100000)
 Metaspace       used 7236K, capacity 7428K, committed 7552K, reserved 1056768K
  class space    used 779K, capacity 856K, committed 896K, reserved 1048576K
}
Event: 1089.388 GC heap before
{Heap before GC invocations=15123 (full 0):
 PSYoungGen      total 31744K, used 31296K [0x000000076b200000, 0x0000000771000000, 0x00000007c0000000)
  eden space 31232K, 100% used [0x000000076b200000,0x000000076d080000,0x000000076d080000)
  from space 512K, 12% used [0x0000000770f80000,0x0000000770f90000,0x0000000771000000)
  to   space 512K, 0% used [0x0000000770f00000,0x0000000770f00000,0x0000000770f80000)
 ParOldGen       total 175104K, used 1931K [0x00000006c1600000, 0x00000006cc100000, 0x000000076b200000)
  object space 175104K, 1% used [0x00000006c1600000,0x00000006c17e2c68,0x00000006cc100000)
 Metaspace       used 7236K, capacity 7428K, committed 7552K, reserved 1056768K
  class space    used 779K, capacity 856K, committed 896K, reserved 1048576K
Event: 1089.389 GC heap after
Heap after GC invocations=15123 (full 0):
 PSYoungGen      total 31744K, used 96K [0x000000076b200000, 0x0000000771000000, 0x00000007c0000000)
  eden space 31232K, 0% used [0x000000076b200000,0x000000076b200000,0x000000076d080000)
  from space 512K, 18% used [0x0000000770f00000,0x0000000770f18000,0x0000000770f80000)
  to   space 512K, 0% used [0x0000000770f80000,0x0000000770f80000,0x0000000771000000)
 ParOldGen       total 175104K, used 1931K [0x00000006c1600000, 0x00000006cc100000, 0x000000076b200000)
  object space 175104K, 1% used [0x00000006c1600000,0x00000006c17e2c68,0x00000006cc100000)
 Metaspace       used 7236K, capacity 7428K, committed 7552K, reserved 1056768K
  class space    used 779K, capacity 856K, committed 896K, reserved 1048576K
}
Event: 1089.457 GC heap before
{Heap before GC invocations=15124 (full 0):
 PSYoungGen      total 31744K, used 31328K [0x000000076b200000, 0x0000000771000000, 0x00000007c0000000)
  eden space 31232K, 100% used [0x000000076b200000,0x000000076d080000,0x000000076d080000)
  from space 512K, 18% used [0x0000000770f00000,0x0000000770f18000,0x0000000770f80000)
  to   space 512K, 0% used [0x0000000770f80000,0x0000000770f80000,0x0000000771000000)
 ParOldGen       total 175104K, used 1931K [0x00000006c1600000, 0x00000006cc100000, 0x000000076b200000)
  object space 175104K, 1% used [0x00000006c1600000,0x00000006c17e2c68,0x00000006cc100000)
 Metaspace       used 7236K, capacity 7428K, committed 7552K, reserved 1056768K
  class space    used 779K, capacity 856K, committed 896K, reserved 1048576K
Event: 1089.457 GC heap after
Heap after GC invocations=15124 (full 0):
 PSYoungGen      total 31744K, used 96K [0x000000076b200000, 0x0000000771000000, 0x00000007c0000000)
  eden space 31232K, 0% used [0x000000076b200000,0x000000076b200000,0x000000076d080000)
  from space 512K, 18% used [0x0000000770f80000,0x0000000770f98000,0x0000000771000000)
  to   space 512K, 0% used [0x0000000770f00000,0x0000000770f00000,0x0000000770f80000)
 ParOldGen       total 175104K, used 1931K [0x00000006c1600000, 0x00000006cc100000, 0x000000076b200000)
  object space 175104K, 1% used [0x00000006c1600000,0x00000006c17e2c68,0x00000006cc100000)
 Metaspace       used 7236K, capacity 7428K, committed 7552K, reserved 1056768K
  class space    used 779K, capacity 856K, committed 896K, reserved 1048576K
}

